[debug] [2020-11-01T20:37:36.083Z] ----------------------------------------------------------------------
[debug] [2020-11-01T20:37:36.085Z] Command:       /usr/local/bin/node /usr/local/bin/firebase init hosting
[debug] [2020-11-01T20:37:36.085Z] CLI Version:   8.14.1
[debug] [2020-11-01T20:37:36.085Z] Platform:      darwin
[debug] [2020-11-01T20:37:36.085Z] Node Version:  v12.16.3
[debug] [2020-11-01T20:37:36.086Z] Time:          Sun Nov 01 2020 17:37:36 GMT-0300 (GMT-03:00)
[debug] [2020-11-01T20:37:36.086Z] ----------------------------------------------------------------------
[debug] [2020-11-01T20:37:36.086Z] 
[debug] [2020-11-01T20:37:36.090Z] > command requires scopes: ["email","openid","https://www.googleapis.com/auth/cloudplatformprojects.readonly","https://www.googleapis.com/auth/firebase","https://www.googleapis.com/auth/cloud-platform"]
[debug] [2020-11-01T20:37:36.091Z] > authorizing via signed-in user
[info] 
     ######## #### ########  ######## ########     ###     ######  ########
     ##        ##  ##     ## ##       ##     ##  ##   ##  ##       ##
     ######    ##  ########  ######   ########  #########  ######  ######
     ##        ##  ##    ##  ##       ##     ## ##     ##       ## ##
     ##       #### ##     ## ######## ########  ##     ##  ######  ########

You're about to initialize a Firebase project in this directory:

  /Users/agustinvignolo/agus/curso-react-udemy/producthuntnext

[info] 
=== Project Setup
[info] 
[info] First, let's associate this project directory with a Firebase project.
[info] You can create multiple project aliases by running firebase use --add, 
[info] but for now we'll just set up a default project.
[info] 
